<?xml version="1.0" encoding="UTF-8"?>
<!-- Generated by org.testng.reporters.JUnitXMLReporter -->
<testsuite ignored="0" hostname="Suvidha-PC" failures="2" tests="15" name="TutorialsNinja TestCases" time="341.455" errors="0" timestamp="2023-10-07T15:16:23 IST">
  <testcase classname="com.policyBazar.qa.testcases.Register" name="verifyRegisterWithMandatoryFeilds" time="11.181"/>
  <testcase classname="com.policyBazar.qa.testcases.Register" name="verifyRegisterWithAllFeilds" time="10.663"/>
  <testcase classname="com.policyBazar.qa.testcases.Register" name="verifyRegisterWithBlankInputs" time="11.723">
    <failure type="java.lang.AssertionError" message="The Expected And Actual Does Not Match  expected [Last Name must be between 1 and 32 characters! ] but found [Last Name must be between 1 and 32 characters!]">
      <![CDATA[java.lang.AssertionError: The Expected And Actual Does Not Match  expected [Last Name must be between 1 and 32 characters! ] but found [Last Name must be between 1 and 32 characters!]
at com.policyBazar.qa.testcases.Register.verifyRegisterWithBlankInputs(Register.java:125)
at java.base/java.util.ArrayList.forEach(ArrayList.java:1511)
... Removed 32 stack frames]]>
    </failure>
  </testcase> <!-- verifyRegisterWithBlankInputs -->
  <testcase classname="com.policyBazar.qa.testcases.Login" name="verifyLoginWithValidCredentials" time="8.89"/>
  <testcase classname="com.policyBazar.qa.testcases.Login" name="verifyLoginWithValidCredentials" time="8.877"/>
  <testcase classname="com.policyBazar.qa.testcases.Login" name="verifyLoginWithValidCredentials" time="8.967"/>
  <testcase classname="com.policyBazar.qa.testcases.Login" name="verifyLoginWithInvalidCredentils" time="10.079"/>
  <testcase classname="com.policyBazar.qa.testcases.Login" name="verifyLoginWithBlankCredentils" time="9.967"/>
  <testcase classname="com.policyBazar.qa.testcases.Login" name="verifyLoginWithValidEmailIdandInvalidPassword" time="10.027">
    <failure type="java.lang.AssertionError" message="Expected and Actual Does Not Match expected [true] but found [false]">
      <![CDATA[java.lang.AssertionError: Expected and Actual Does Not Match expected [true] but found [false]
at com.policyBazar.qa.testcases.Login.verifyLoginWithValidEmailIdandInvalidPassword(Login.java:154)
at java.base/java.util.ArrayList.forEach(ArrayList.java:1511)
... Removed 30 stack frames]]>
    </failure>
  </testcase> <!-- verifyLoginWithValidEmailIdandInvalidPassword -->
  <testcase classname="com.policyBazar.qa.testcases.Login" name="verifyLoginWithINValidEmailIdandValidPassword" time="1.094"/>
  <testcase classname="com.policyBazar.qa.testcases.Search" name="verifySearchWithValidProducts" time="9.919"/>
  <testcase classname="com.policyBazar.qa.testcases.Search" name="verifySearchWithInValidProducts" time="9.776"/>
  <testcase classname="com.policyBazar.qa.testcases.Search" name="verifySearchWithBlankInputs" time="9.773"/>
  <testcase classname="com.policyBazar.qa.testcases.PhoneTest" name="verifyThePhoneForValidEnquiry" time="20.28"/>
  <testcase classname="com.policyBazar.qa.testcases.PhoneTest" name="verifyThePhoneForBlankEnquiry" time="19.274"/>
</testsuite> <!-- TutorialsNinja TestCases -->
